#
# There is insufficient memory for the Java Runtime Environment to continue.
# Native memory allocation (malloc) failed to allocate 405872 bytes for Chunk::new
# Possible reasons:
#   The system is out of physical RAM or swap space
#   The process is running with CompressedOops enabled, and the Java Heap may be blocking the growth of the native heap
# Possible solutions:
#   Reduce memory load on the system
#   Increase physical memory or swap space
#   Check if swap backing store is full
#   Decrease Java heap size (-Xmx/-Xms)
#   Decrease number of Java threads
#   Decrease Java thread stack sizes (-Xss)
#   Set larger code cache with -XX:ReservedCodeCacheSize=
#   JVM is running with Unscaled Compressed Oops mode in which the Java heap is
#     placed in the first 4GB address space. The Java Heap base address is the
#     maximum limit for the native heap growth. Please use -XX:HeapBaseMinAddress
#     to set the Java Heap base and to place the Java Heap above 4GB virtual address.
# This output file may be truncated or incomplete.
#
#  Out of Memory Error (arena.cpp:168), pid=6396, tid=7552
#
# JRE version: OpenJDK Runtime Environment (21.0.2+13) (build 21.0.2+13-58)
# Java VM: OpenJDK 64-Bit Server VM (21.0.2+13-58, mixed mode, sharing, tiered, compressed oops, compressed class ptrs, g1 gc, windows-amd64)
# No core dump will be written. Minidumps are not enabled by default on client versions of Windows
#

---------------  S U M M A R Y ------------

Command Line: -Dcom.sun.management.jmxremote -Dcom.sun.management.jmxremote.port=59997 -Dcom.sun.management.jmxremote.authenticate=false -Dcom.sun.management.jmxremote.ssl=false -Dspring.jmx.enabled=true -Djava.rmi.server.hostname=localhost -Dspring.application.admin.enabled=true -Dspring.boot.project.name=trabajopractico -XX:+ShowCodeDetailsInExceptionMessages com.irso.trabajopractico.TrabajopracticoApplication

Host: Intel(R) Celeron(R) N4000 CPU @ 1.10GHz, 2 cores, 3G,  Windows 10 , 64 bit Build 19041 (10.0.19041.2364)
Time: Mon Jun 10 16:58:52 2024 Hora estándar de Argentina elapsed time: 4.846394 seconds (0d 0h 0m 4s)

---------------  T H R E A D  ---------------

Current thread (0x000001c13072eba0):  JavaThread "C2 CompilerThread0" daemon [_thread_in_native, id=7552, stack(0x000000b030a00000,0x000000b030b00000) (1024K)]


Current CompileTask:
C2:   4846 2261   !   4       java.util.concurrent.ConcurrentHashMap::transfer (849 bytes)

Stack: [0x000000b030a00000,0x000000b030b00000]
Native frames: (J=compiled Java code, j=interpreted, Vv=VM code, C=native code)
V  [jvm.dll+0x6cade9]
V  [jvm.dll+0x8569c1]
V  [jvm.dll+0x858d2e]
V  [jvm.dll+0x859413]
V  [jvm.dll+0x280e56]
V  [jvm.dll+0xc3f3d]
V  [jvm.dll+0xc4473]
V  [jvm.dll+0x3b5c2c]
V  [jvm.dll+0x382855]
V  [jvm.dll+0x381cca]
V  [jvm.dll+0x249bd0]
V  [jvm.dll+0x2491b1]
V  [jvm.dll+0x1c9634]
V  [jvm.dll+0x258859]
V  [jvm.dll+0x256e3a]
V  [jvm.dll+0x3ef6c6]
V  [jvm.dll+0x7ff568]
V  [jvm.dll+0x6c953d]
C  [ucrtbase.dll+0x21bb2]
C  [KERNEL32.DLL+0x17614]
C  [ntdll.dll+0x526a1]


---------------  P R O C E S S  ---------------

Threads class SMR info:
_java_thread_list=0x000001c176e6b1c0, length=17, elements={
0x000001c113de4fe0, 0x000001c11601de20, 0x000001c11601e7a0, 0x000001c130726c60,
0x000001c130727e60, 0x000001c130728b40, 0x000001c130729900, 0x000001c13072eba0,
0x000001c130739050, 0x000001c13071bcd0, 0x000001c130a9b330, 0x000001c1766b85a0,
0x000001c176365970, 0x000001c1766b4a50, 0x000001c176319050, 0x000001c1763c98b0,
0x000001c176eb5010
}

Java Threads: ( => current thread )
  0x000001c113de4fe0 JavaThread "main"                              [_thread_blocked, id=1372, stack(0x000000b02fb00000,0x000000b02fc00000) (1024K)]
  0x000001c11601de20 JavaThread "Reference Handler"          daemon [_thread_blocked, id=10956, stack(0x000000b030400000,0x000000b030500000) (1024K)]
  0x000001c11601e7a0 JavaThread "Finalizer"                  daemon [_thread_blocked, id=12264, stack(0x000000b030500000,0x000000b030600000) (1024K)]
  0x000001c130726c60 JavaThread "Signal Dispatcher"          daemon [_thread_blocked, id=11340, stack(0x000000b030600000,0x000000b030700000) (1024K)]
  0x000001c130727e60 JavaThread "Attach Listener"            daemon [_thread_blocked, id=10408, stack(0x000000b030700000,0x000000b030800000) (1024K)]
  0x000001c130728b40 JavaThread "Service Thread"             daemon [_thread_blocked, id=5992, stack(0x000000b030800000,0x000000b030900000) (1024K)]
  0x000001c130729900 JavaThread "Monitor Deflation Thread"   daemon [_thread_blocked, id=9104, stack(0x000000b030900000,0x000000b030a00000) (1024K)]
=>0x000001c13072eba0 JavaThread "C2 CompilerThread0"         daemon [_thread_in_native, id=7552, stack(0x000000b030a00000,0x000000b030b00000) (1024K)]
  0x000001c130739050 JavaThread "C1 CompilerThread0"         daemon [_thread_blocked, id=2552, stack(0x000000b030b00000,0x000000b030c00000) (1024K)]
  0x000001c13071bcd0 JavaThread "Common-Cleaner"             daemon [_thread_blocked, id=2060, stack(0x000000b030c00000,0x000000b030d00000) (1024K)]
  0x000001c130a9b330 JavaThread "Notification Thread"        daemon [_thread_blocked, id=8024, stack(0x000000b030d00000,0x000000b030e00000) (1024K)]
  0x000001c1766b85a0 JavaThread "RMI TCP Accept-0"           daemon [_thread_in_native, id=10560, stack(0x000000b030f00000,0x000000b031000000) (1024K)]
  0x000001c176365970 JavaThread "RMI TCP Accept-59997"       daemon [_thread_in_native, id=9624, stack(0x000000b031000000,0x000000b031100000) (1024K)]
  0x000001c1766b4a50 JavaThread "RMI TCP Accept-0"           daemon [_thread_in_native, id=7256, stack(0x000000b031100000,0x000000b031200000) (1024K)]
  0x000001c176319050 JavaThread "Thread-0"                          [_thread_blocked, id=6608, stack(0x000000b031200000,0x000000b031300000) (1024K)]
  0x000001c1763c98b0 JavaThread "restartedMain"                     [_thread_in_vm, id=8436, stack(0x000000b031300000,0x000000b031400000) (1024K)]
  0x000001c176eb5010 JavaThread "background-preinit"                [_thread_in_vm, id=6648, stack(0x000000b031400000,0x000000b031500000) (1024K)]
Total: 17

Other Threads:
  0x000001c116005ee0 VMThread "VM Thread"                           [id=2864, stack(0x000000b030300000,0x000000b030400000) (1024K)]
  0x000001c13071aa00 WatcherThread "VM Periodic Task Thread"        [id=8128, stack(0x000000b030200000,0x000000b030300000) (1024K)]
  0x000001c115f85b80 WorkerThread "GC Thread#0"                     [id=11444, stack(0x000000b02fd00000,0x000000b02fe00000) (1024K)]
  0x000001c130b12a10 WorkerThread "GC Thread#1"                     [id=8232, stack(0x000000b030e00000,0x000000b030f00000) (1024K)]
  0x000001c115f8e5e0 ConcurrentGCThread "G1 Main Marker"            [id=11788, stack(0x000000b02fe00000,0x000000b02ff00000) (1024K)]
  0x000001c115f8f290 WorkerThread "G1 Conc#0"                       [id=8480, stack(0x000000b02ff00000,0x000000b030000000) (1024K)]
  0x000001c115fd7990 ConcurrentGCThread "G1 Refine#0"               [id=5380, stack(0x000000b030000000,0x000000b030100000) (1024K)]
  0x000001c115fd9db0 ConcurrentGCThread "G1 Service"                [id=10980, stack(0x000000b030100000,0x000000b030200000) (1024K)]
Total: 8

Threads with active compile tasks:
C2 CompilerThread0     5131 2261   !   4       java.util.concurrent.ConcurrentHashMap::transfer (849 bytes)
Total: 1

VM state: not at safepoint (normal execution)

VM Mutex/Monitor currently owned by a thread:  ([mutex/lock_event])
[0x00007fff91caace8] Metaspace_lock - owner thread: 0x000001c1763c98b0

Heap address: 0x00000000c2c00000, size: 980 MB, Compressed Oops mode: 32-bit

CDS archive(s) mapped at: [0x000001c131000000-0x000001c131c90000-0x000001c131c90000), size 13172736, SharedBaseAddress: 0x000001c131000000, ArchiveRelocationMode: 1.
Compressed class space mapped at: 0x000001c132000000-0x000001c172000000, reserved size: 1073741824
Narrow klass base: 0x000001c131000000, Narrow klass shift: 0, Narrow klass range: 0x100000000

GC Precious Log:
 CardTable entry size: 512
 Card Set container configuration: InlinePtr #cards 5 size 8 Array Of Cards #cards 12 size 40 Howl #buckets 4 coarsen threshold 1843 Howl Bitmap #cards 512 size 80 coarsen threshold 460 Card regions per heap region 1 cards per card region 2048
 CPUs: 2 total, 2 available
 Memory: 3920M
 Large Page Support: Disabled
 NUMA Support: Disabled
 Compressed Oops: Enabled (32-bit)
 Heap Region Size: 1M
 Heap Min Capacity: 8M
 Heap Initial Capacity: 62M
 Heap Max Capacity: 980M
 Pre-touch: Disabled
 Parallel Workers: 2
 Concurrent Workers: 1
 Concurrent Refinement Workers: 2
 Periodic GC: Disabled

Heap:
 garbage-first heap   total 63488K, used 40023K [0x00000000c2c00000, 0x0000000100000000)
  region size 1024K, 36 young (36864K), 2 survivors (2048K)
 Metaspace       used 15640K, committed 15872K, reserved 1114112K
  class space    used 1808K, committed 1920K, reserved 1048576K

Heap Regions: E=young(eden), S=young(survivor), O=old, HS=humongous(starts), HC=humongous(continues), CS=collection set, F=free, TAMS=top-at-mark-start, PB=parsable bottom
|   0|0x00000000c2c00000, 0x00000000c2d00000, 0x00000000c2d00000|100%|HS|  |TAMS 0x00000000c2c00000| PB 0x00000000c2c00000| Complete 
|   1|0x00000000c2d00000, 0x00000000c2e00000, 0x00000000c2e00000|100%| O|  |TAMS 0x00000000c2d00000| PB 0x00000000c2d00000| Untracked 
|   2|0x00000000c2e00000, 0x00000000c2f00000, 0x00000000c2f00000|100%| O|  |TAMS 0x00000000c2e00000| PB 0x00000000c2e00000| Untracked 
|   3|0x00000000c2f00000, 0x00000000c3000000, 0x00000000c3000000|100%| O|  |TAMS 0x00000000c2f00000| PB 0x00000000c2f00000| Untracked 
|   4|0x00000000c3000000, 0x00000000c3100000, 0x00000000c3100000|100%| O|  |TAMS 0x00000000c3000000| PB 0x00000000c3000000| Untracked 
|   5|0x00000000c3100000, 0x00000000c3115d30, 0x00000000c3200000|  8%| O|  |TAMS 0x00000000c3100000| PB 0x00000000c3100000| Untracked 
|   6|0x00000000c3200000, 0x00000000c3200000, 0x00000000c3300000|  0%| F|  |TAMS 0x00000000c3200000| PB 0x00000000c3200000| Untracked 
|   7|0x00000000c3300000, 0x00000000c3300000, 0x00000000c3400000|  0%| F|  |TAMS 0x00000000c3300000| PB 0x00000000c3300000| Untracked 
|   8|0x00000000c3400000, 0x00000000c3400000, 0x00000000c3500000|  0%| F|  |TAMS 0x00000000c3400000| PB 0x00000000c3400000| Untracked 
|   9|0x00000000c3500000, 0x00000000c3500000, 0x00000000c3600000|  0%| F|  |TAMS 0x00000000c3500000| PB 0x00000000c3500000| Untracked 
|  10|0x00000000c3600000, 0x00000000c3600000, 0x00000000c3700000|  0%| F|  |TAMS 0x00000000c3600000| PB 0x00000000c3600000| Untracked 
|  11|0x00000000c3700000, 0x00000000c3700000, 0x00000000c3800000|  0%| F|  |TAMS 0x00000000c3700000| PB 0x00000000c3700000| Untracked 
|  12|0x00000000c3800000, 0x00000000c3800000, 0x00000000c3900000|  0%| F|  |TAMS 0x00000000c3800000| PB 0x00000000c3800000| Untracked 
|  13|0x00000000c3900000, 0x00000000c3900000, 0x00000000c3a00000|  0%| F|  |TAMS 0x00000000c3900000| PB 0x00000000c3900000| Untracked 
|  14|0x00000000c3a00000, 0x00000000c3a00000, 0x00000000c3b00000|  0%| F|  |TAMS 0x00000000c3a00000| PB 0x00000000c3a00000| Untracked 
|  15|0x00000000c3b00000, 0x00000000c3b00000, 0x00000000c3c00000|  0%| F|  |TAMS 0x00000000c3b00000| PB 0x00000000c3b00000| Untracked 
|  16|0x00000000c3c00000, 0x00000000c3c00000, 0x00000000c3d00000|  0%| F|  |TAMS 0x00000000c3c00000| PB 0x00000000c3c00000| Untracked 
|  17|0x00000000c3d00000, 0x00000000c3d00000, 0x00000000c3e00000|  0%| F|  |TAMS 0x00000000c3d00000| PB 0x00000000c3d00000| Untracked 
|  18|0x00000000c3e00000, 0x00000000c3e00000, 0x00000000c3f00000|  0%| F|  |TAMS 0x00000000c3e00000| PB 0x00000000c3e00000| Untracked 
|  19|0x00000000c3f00000, 0x00000000c3f00000, 0x00000000c4000000|  0%| F|  |TAMS 0x00000000c3f00000| PB 0x00000000c3f00000| Untracked 
|  20|0x00000000c4000000, 0x00000000c4000000, 0x00000000c4100000|  0%| F|  |TAMS 0x00000000c4000000| PB 0x00000000c4000000| Untracked 
|  21|0x00000000c4100000, 0x00000000c4100000, 0x00000000c4200000|  0%| F|  |TAMS 0x00000000c4100000| PB 0x00000000c4100000| Untracked 
|  22|0x00000000c4200000, 0x00000000c4200000, 0x00000000c4300000|  0%| F|  |TAMS 0x00000000c4200000| PB 0x00000000c4200000| Untracked 
|  23|0x00000000c4300000, 0x00000000c4300000, 0x00000000c4400000|  0%| F|  |TAMS 0x00000000c4300000| PB 0x00000000c4300000| Untracked 
|  24|0x00000000c4400000, 0x00000000c4400000, 0x00000000c4500000|  0%| F|  |TAMS 0x00000000c4400000| PB 0x00000000c4400000| Untracked 
|  25|0x00000000c4500000, 0x00000000c4500000, 0x00000000c4600000|  0%| F|  |TAMS 0x00000000c4500000| PB 0x00000000c4500000| Untracked 
|  26|0x00000000c4600000, 0x00000000c468b0f0, 0x00000000c4700000| 54%| E|  |TAMS 0x00000000c4600000| PB 0x00000000c4600000| Complete 
|  27|0x00000000c4700000, 0x00000000c4800000, 0x00000000c4800000|100%| E|CS|TAMS 0x00000000c4700000| PB 0x00000000c4700000| Complete 
|  28|0x00000000c4800000, 0x00000000c4900000, 0x00000000c4900000|100%| E|CS|TAMS 0x00000000c4800000| PB 0x00000000c4800000| Complete 
|  29|0x00000000c4900000, 0x00000000c4a00000, 0x00000000c4a00000|100%| E|CS|TAMS 0x00000000c4900000| PB 0x00000000c4900000| Complete 
|  30|0x00000000c4a00000, 0x00000000c4b00000, 0x00000000c4b00000|100%| E|CS|TAMS 0x00000000c4a00000| PB 0x00000000c4a00000| Complete 
|  31|0x00000000c4b00000, 0x00000000c4c00000, 0x00000000c4c00000|100%| E|CS|TAMS 0x00000000c4b00000| PB 0x00000000c4b00000| Complete 
|  32|0x00000000c4c00000, 0x00000000c4d00000, 0x00000000c4d00000|100%| E|CS|TAMS 0x00000000c4c00000| PB 0x00000000c4c00000| Complete 
|  33|0x00000000c4d00000, 0x00000000c4e00000, 0x00000000c4e00000|100%| E|CS|TAMS 0x00000000c4d00000| PB 0x00000000c4d00000| Complete 
|  34|0x00000000c4e00000, 0x00000000c4f00000, 0x00000000c4f00000|100%| E|CS|TAMS 0x00000000c4e00000| PB 0x00000000c4e00000| Complete 
|  35|0x00000000c4f00000, 0x00000000c5000000, 0x00000000c5000000|100%| E|  |TAMS 0x00000000c4f00000| PB 0x00000000c4f00000| Complete 
|  36|0x00000000c5000000, 0x00000000c5100000, 0x00000000c5100000|100%| E|CS|TAMS 0x00000000c5000000| PB 0x00000000c5000000| Complete 
|  37|0x00000000c5100000, 0x00000000c5200000, 0x00000000c5200000|100%| E|CS|TAMS 0x00000000c5100000| PB 0x00000000c5100000| Complete 
|  38|0x00000000c5200000, 0x00000000c5300000, 0x00000000c5300000|100%| E|CS|TAMS 0x00000000c5200000| PB 0x00000000c5200000| Complete 
|  39|0x00000000c5300000, 0x00000000c5400000, 0x00000000c5400000|100%| E|CS|TAMS 0x00000000c5300000| PB 0x00000000c5300000| Complete 
|  40|0x00000000c5400000, 0x00000000c5500000, 0x00000000c5500000|100%| E|CS|TAMS 0x00000000c5400000| PB 0x00000000c5400000| Complete 
|  41|0x00000000c5500000, 0x00000000c5600000, 0x00000000c5600000|100%| E|CS|TAMS 0x00000000c5500000| PB 0x00000000c5500000| Complete 
|  42|0x00000000c5600000, 0x00000000c5700000, 0x00000000c5700000|100%| E|CS|TAMS 0x00000000c5600000| PB 0x00000000c5600000| Complete 
|  43|0x00000000c5700000, 0x00000000c5800000, 0x00000000c5800000|100%| E|CS|TAMS 0x00000000c5700000| PB 0x00000000c5700000| Complete 
|  44|0x00000000c5800000, 0x00000000c5900000, 0x00000000c5900000|100%| E|CS|TAMS 0x00000000c5800000| PB 0x00000000c5800000| Complete 
|  45|0x00000000c5900000, 0x00000000c5a00000, 0x00000000c5a00000|100%| E|CS|TAMS 0x00000000c5900000| PB 0x00000000c5900000| Complete 
|  46|0x00000000c5a00000, 0x00000000c5b00000, 0x00000000c5b00000|100%| E|CS|TAMS 0x00000000c5a00000| PB 0x00000000c5a00000| Complete 
|  47|0x00000000c5b00000, 0x00000000c5c00000, 0x00000000c5c00000|100%| E|CS|TAMS 0x00000000c5b00000| PB 0x00000000c5b00000| Complete 
|  48|0x00000000c5c00000, 0x00000000c5d00000, 0x00000000c5d00000|100%| E|CS|TAMS 0x00000000c5c00000| PB 0x00000000c5c00000| Complete 
|  49|0x00000000c5d00000, 0x00000000c5e00000, 0x00000000c5e00000|100%| E|CS|TAMS 0x00000000c5d00000| PB 0x00000000c5d00000| Complete 
|  50|0x00000000c5e00000, 0x00000000c5f00000, 0x00000000c5f00000|100%| E|CS|TAMS 0x00000000c5e00000| PB 0x00000000c5e00000| Complete 
|  51|0x00000000c5f00000, 0x00000000c6000000, 0x00000000c6000000|100%| S|CS|TAMS 0x00000000c5f00000| PB 0x00000000c5f00000| Complete 
|  52|0x00000000c6000000, 0x00000000c6100000, 0x00000000c6100000|100%| S|CS|TAMS 0x00000000c6000000| PB 0x00000000c6000000| Complete 
|  53|0x00000000c6100000, 0x00000000c6200000, 0x00000000c6200000|100%| E|CS|TAMS 0x00000000c6100000| PB 0x00000000c6100000| Complete 
|  54|0x00000000c6200000, 0x00000000c6300000, 0x00000000c6300000|100%| E|CS|TAMS 0x00000000c6200000| PB 0x00000000c6200000| Complete 
|  55|0x00000000c6300000, 0x00000000c6400000, 0x00000000c6400000|100%| E|CS|TAMS 0x00000000c6300000| PB 0x00000000c6300000| Complete 
|  56|0x00000000c6400000, 0x00000000c6500000, 0x00000000c6500000|100%| E|CS|TAMS 0x00000000c6400000| PB 0x00000000c6400000| Complete 
|  57|0x00000000c6500000, 0x00000000c6600000, 0x00000000c6600000|100%| E|CS|TAMS 0x00000000c6500000| PB 0x00000000c6500000| Complete 
|  58|0x00000000c6600000, 0x00000000c6700000, 0x00000000c6700000|100%| E|CS|TAMS 0x00000000c6600000| PB 0x00000000c6600000| Complete 
|  59|0x00000000c6700000, 0x00000000c6800000, 0x00000000c6800000|100%| E|CS|TAMS 0x00000000c6700000| PB 0x00000000c6700000| Complete 
|  60|0x00000000c6800000, 0x00000000c6900000, 0x00000000c6900000|100%| E|CS|TAMS 0x00000000c6800000| PB 0x00000000c6800000| Complete 
|  61|0x00000000c6900000, 0x00000000c6a00000, 0x00000000c6a00000|100%| E|CS|TAMS 0x00000000c6900000| PB 0x00000000c6900000| Complete 

Card table byte_map: [0x000001c12d3b0000,0x000001c12d5a0000] _byte_map_base: 0x000001c12cd9a000

Marking Bits: (CMBitMap*) 0x000001c115f86280
 Bits: [0x000001c12d5a0000, 0x000001c12e4f0000)

Polling page: 0x000001c115720000

Metaspace:

Usage:
  Non-class:     13.51 MB used.
      Class:      1.77 MB used.
       Both:     15.27 MB used.

Virtual space:
  Non-class space:       64.00 MB reserved,      13.62 MB ( 21%) committed,  1 nodes.
      Class space:        1.00 GB reserved,       1.88 MB ( <1%) committed,  1 nodes.
             Both:        1.06 GB reserved,      15.50 MB (  1%) committed. 

Chunk freelists:
   Non-Class:  1.98 MB
       Class:  13.95 MB
        Both:  15.94 MB

MaxMetaspaceSize: unlimited
CompressedClassSpaceSize: 1.00 GB
Initial GC threshold: 21.00 MB
Current GC threshold: 21.00 MB
CDS: on
 - commit_granule_bytes: 65536.
 - commit_granule_words: 8192.
 - virtual_space_node_default_size: 8388608.
 - enlarge_chunks_in_place: 1.
 - use_allocation_guard: 0.


Internal statistics:

num_allocs_failed_limit: 0.
num_arena_births: 310.
num_arena_deaths: 0.
num_vsnodes_births: 2.
num_vsnodes_deaths: 0.
num_space_committed: 248.
num_space_uncommitted: 0.
num_chunks_returned_to_freelist: 0.
num_chunks_taken_from_freelist: 683.
num_chunk_merges: 0.
num_chunk_splits: 460.
num_chunks_enlarged: 318.
num_inconsistent_stats: 0.

CodeHeap 'non-profiled nmethods': size=120064Kb used=837Kb max_used=837Kb free=119226Kb
 bounds [0x000001c125e70000, 0x000001c1260e0000, 0x000001c12d3b0000]
CodeHeap 'profiled nmethods': size=120000Kb used=4494Kb max_used=4494Kb free=115505Kb
 bounds [0x000001c11e3b0000, 0x000001c11e820000, 0x000001c1258e0000]
CodeHeap 'non-nmethods': size=5696Kb used=1438Kb max_used=1440Kb free=4257Kb
 bounds [0x000001c1258e0000, 0x000001c125b50000, 0x000001c125e70000]
 total_blobs=2854 nmethods=2335 adapters=424
 compilation: enabled
              stopped_count=0, restarted_count=0
 full_count=0

Compilation events (20 events):
Event: 4.467 Thread 0x000001c13072eba0 nmethod 2251 0x000001c125f3e310 code [0x000001c125f3e4a0, 0x000001c125f3e6a0]
Event: 4.469 Thread 0x000001c130739050 2252       3       java.nio.Buffer::nextGetIndex (32 bytes)
Event: 4.469 Thread 0x000001c130739050 nmethod 2252 0x000001c11e7db710 code [0x000001c11e7db8c0, 0x000001c11e7dba98]
Event: 4.469 Thread 0x000001c130739050 2253       3       java.nio.HeapByteBuffer::byteOffset (7 bytes)
Event: 4.469 Thread 0x000001c130739050 nmethod 2253 0x000001c11e7dbb90 code [0x000001c11e7dbd20, 0x000001c11e7dbe30]
Event: 4.470 Thread 0x000001c130739050 2254       3       java.lang.reflect.ProxyGenerator::dotToSlash (9 bytes)
Event: 4.470 Thread 0x000001c130739050 nmethod 2254 0x000001c11e7dbe90 code [0x000001c11e7dc040, 0x000001c11e7dc170]
Event: 4.472 Thread 0x000001c130739050 2255       3       java.nio.HeapByteBuffer::getShort (29 bytes)
Event: 4.473 Thread 0x000001c130739050 nmethod 2255 0x000001c11e7dc210 code [0x000001c11e7dc480, 0x000001c11e7dce68]
Event: 4.481 Thread 0x000001c13072eba0 2256       4       java.util.LinkedHashMap::linkNodeAtEnd (76 bytes)
Event: 4.486 Thread 0x000001c13072eba0 nmethod 2256 0x000001c125f3e890 code [0x000001c125f3ea20, 0x000001c125f3ee78]
Event: 4.490 Thread 0x000001c130739050 2257       3       java.util.Collections$UnmodifiableMap::keySet (28 bytes)
Event: 4.491 Thread 0x000001c130739050 nmethod 2257 0x000001c11e7dd290 code [0x000001c11e7dd4a0, 0x000001c11e7ddb70]
Event: 4.492 Thread 0x000001c13072eba0 2258       4       java.lang.invoke.MethodTypeForm::canonicalize (74 bytes)
Event: 4.493 Thread 0x000001c13072eba0 nmethod 2258 0x000001c125f3ef10 code [0x000001c125f3f0a0, 0x000001c125f3f178]
Event: 4.498 Thread 0x000001c130739050 2259       3       org.springframework.core.ResolvableType::<init> (47 bytes)
Event: 4.499 Thread 0x000001c130739050 nmethod 2259 0x000001c11e7ddd90 code [0x000001c11e7ddf40, 0x000001c11e7de270]
Event: 4.546 Thread 0x000001c13072eba0 2260       4       java.io.WinNTFileSystem::isSlash (18 bytes)
Event: 4.547 Thread 0x000001c13072eba0 nmethod 2260 0x000001c125f3f290 code [0x000001c125f3f420, 0x000001c125f3f4c0]
Event: 4.673 Thread 0x000001c13072eba0 2261   !   4       java.util.concurrent.ConcurrentHashMap::transfer (849 bytes)

GC Heap History (6 events):
Event: 0.514 GC heap before
{Heap before GC invocations=0 (full 0):
 garbage-first heap   total 63488K, used 6144K [0x00000000c2c00000, 0x0000000100000000)
  region size 1024K, 6 young (6144K), 0 survivors (0K)
 Metaspace       used 943K, committed 1152K, reserved 1114112K
  class space    used 69K, committed 192K, reserved 1048576K
}
Event: 0.522 GC heap after
{Heap after GC invocations=1 (full 0):
 garbage-first heap   total 63488K, used 5120K [0x00000000c2c00000, 0x0000000100000000)
  region size 1024K, 1 young (1024K), 1 survivors (1024K)
 Metaspace       used 943K, committed 1152K, reserved 1114112K
  class space    used 69K, committed 192K, reserved 1048576K
}
Event: 0.823 GC heap before
{Heap before GC invocations=1 (full 0):
 garbage-first heap   total 63488K, used 8192K [0x00000000c2c00000, 0x0000000100000000)
  region size 1024K, 4 young (4096K), 1 survivors (1024K)
 Metaspace       used 3214K, committed 3392K, reserved 1114112K
  class space    used 315K, committed 384K, reserved 1048576K
}
Event: 0.829 GC heap after
{Heap after GC invocations=2 (full 0):
 garbage-first heap   total 63488K, used 5902K [0x00000000c2c00000, 0x0000000100000000)
  region size 1024K, 1 young (1024K), 1 survivors (1024K)
 Metaspace       used 3214K, committed 3392K, reserved 1114112K
  class space    used 315K, committed 384K, reserved 1048576K
}
Event: 1.646 GC heap before
{Heap before GC invocations=2 (full 0):
 garbage-first heap   total 63488K, used 14094K [0x00000000c2c00000, 0x0000000100000000)
  region size 1024K, 9 young (9216K), 1 survivors (1024K)
 Metaspace       used 7038K, committed 7360K, reserved 1114112K
  class space    used 728K, committed 896K, reserved 1048576K
}
Event: 1.652 GC heap after
{Heap after GC invocations=3 (full 0):
 garbage-first heap   total 63488K, used 7255K [0x00000000c2c00000, 0x0000000100000000)
  region size 1024K, 2 young (2048K), 2 survivors (2048K)
 Metaspace       used 7038K, committed 7360K, reserved 1114112K
  class space    used 728K, committed 896K, reserved 1048576K
}

Dll operation events (9 events):
Event: 0.016 Loaded shared library C:\Users\priscilap002\Desktop\Eze\java\openjdk-21.0.2_windows-x64_bin\jdk-21.0.2\bin\java.dll
Event: 0.146 Loaded shared library C:\Users\priscilap002\Desktop\Eze\java\openjdk-21.0.2_windows-x64_bin\jdk-21.0.2\bin\jsvml.dll
Event: 0.312 Loaded shared library C:\Users\priscilap002\Desktop\Eze\java\openjdk-21.0.2_windows-x64_bin\jdk-21.0.2\bin\jimage.dll
Event: 0.327 Loaded shared library C:\Users\priscilap002\Desktop\Eze\java\openjdk-21.0.2_windows-x64_bin\jdk-21.0.2\bin\net.dll
Event: 0.330 Loaded shared library C:\Users\priscilap002\Desktop\Eze\java\openjdk-21.0.2_windows-x64_bin\jdk-21.0.2\bin\nio.dll
Event: 0.335 Loaded shared library C:\Users\priscilap002\Desktop\Eze\java\openjdk-21.0.2_windows-x64_bin\jdk-21.0.2\bin\zip.dll
Event: 0.500 Loaded shared library C:\Users\priscilap002\Desktop\Eze\java\openjdk-21.0.2_windows-x64_bin\jdk-21.0.2\bin\management.dll
Event: 0.531 Loaded shared library C:\Users\priscilap002\Desktop\Eze\java\openjdk-21.0.2_windows-x64_bin\jdk-21.0.2\bin\management_ext.dll
Event: 1.294 Loaded shared library C:\Users\priscilap002\Desktop\Eze\java\openjdk-21.0.2_windows-x64_bin\jdk-21.0.2\bin\extnet.dll

Deoptimization events (20 events):
Event: 4.487 Thread 0x000001c1763c98b0 Uncommon trap: trap_request=0xffffffd6 fr.pc=0x000001c125f35bdc relative=0x0000000000000c1c
Event: 4.487 Thread 0x000001c1763c98b0 Uncommon trap: reason=array_check action=maybe_recompile pc=0x000001c125f35bdc method=org.springframework.boot.context.properties.source.ConfigurationPropertyName.getElement(ILorg/springframework/boot/context/properties/source/ConfigurationPropertyName$Fo
Event: 4.487 Thread 0x000001c1763c98b0 DEOPT PACKING pc=0x000001c125f35bdc sp=0x000000b0313feab0
Event: 4.487 Thread 0x000001c1763c98b0 DEOPT UNPACKING pc=0x000001c12593469c sp=0x000000b0313fea88 mode 2
Event: 4.487 Thread 0x000001c1763c98b0 Uncommon trap: trap_request=0xffffffd6 fr.pc=0x000001c125f35bdc relative=0x0000000000000c1c
Event: 4.487 Thread 0x000001c1763c98b0 Uncommon trap: reason=array_check action=maybe_recompile pc=0x000001c125f35bdc method=org.springframework.boot.context.properties.source.ConfigurationPropertyName.getElement(ILorg/springframework/boot/context/properties/source/ConfigurationPropertyName$Fo
Event: 4.487 Thread 0x000001c1763c98b0 DEOPT PACKING pc=0x000001c125f35bdc sp=0x000000b0313feab0
Event: 4.487 Thread 0x000001c1763c98b0 DEOPT UNPACKING pc=0x000001c12593469c sp=0x000000b0313fea88 mode 2
Event: 4.487 Thread 0x000001c1763c98b0 Uncommon trap: trap_request=0xffffffd6 fr.pc=0x000001c125f35bdc relative=0x0000000000000c1c
Event: 4.487 Thread 0x000001c1763c98b0 Uncommon trap: reason=array_check action=maybe_recompile pc=0x000001c125f35bdc method=org.springframework.boot.context.properties.source.ConfigurationPropertyName.getElement(ILorg/springframework/boot/context/properties/source/ConfigurationPropertyName$Fo
Event: 4.487 Thread 0x000001c1763c98b0 DEOPT PACKING pc=0x000001c125f35bdc sp=0x000000b0313feab0
Event: 4.487 Thread 0x000001c1763c98b0 DEOPT UNPACKING pc=0x000001c12593469c sp=0x000000b0313fea88 mode 2
Event: 4.490 Thread 0x000001c1763c98b0 Uncommon trap: trap_request=0xffffffd6 fr.pc=0x000001c125f35bdc relative=0x0000000000000c1c
Event: 4.490 Thread 0x000001c1763c98b0 Uncommon trap: reason=array_check action=maybe_recompile pc=0x000001c125f35bdc method=org.springframework.boot.context.properties.source.ConfigurationPropertyName.getElement(ILorg/springframework/boot/context/properties/source/ConfigurationPropertyName$Fo
Event: 4.490 Thread 0x000001c1763c98b0 DEOPT PACKING pc=0x000001c125f35bdc sp=0x000000b0313fea60
Event: 4.490 Thread 0x000001c1763c98b0 DEOPT UNPACKING pc=0x000001c12593469c sp=0x000000b0313fea38 mode 2
Event: 4.553 Thread 0x000001c1763c98b0 Uncommon trap: trap_request=0xffffff45 fr.pc=0x000001c125f03a3c relative=0x00000000000005bc
Event: 4.553 Thread 0x000001c1763c98b0 Uncommon trap: reason=unstable_if action=reinterpret pc=0x000001c125f03a3c method=java.lang.Integer.getChars(II[B)I @ 25 c2
Event: 4.553 Thread 0x000001c1763c98b0 DEOPT PACKING pc=0x000001c125f03a3c sp=0x000000b0313fe3c0
Event: 4.553 Thread 0x000001c1763c98b0 DEOPT UNPACKING pc=0x000001c12593469c sp=0x000000b0313fe308 mode 2

Classes loaded (20 events):
Event: 4.199 Loading class java/util/RegularEnumSet$EnumSetIterator done
Event: 4.216 Loading class com/sun/org/apache/xalan/internal/utils/FeaturePropertyBase$State done
Event: 4.217 Loading class com/sun/org/apache/xalan/internal/utils/XMLSecurityPropertyManager$Property
Event: 4.217 Loading class com/sun/org/apache/xalan/internal/utils/XMLSecurityPropertyManager$Property done
Event: 4.217 Loading class jdk/xml/internal/XMLSecurityManager
Event: 4.218 Loading class jdk/xml/internal/XMLSecurityManager done
Event: 4.218 Loading class jdk/xml/internal/XMLSecurityManager$Limit
Event: 4.218 Loading class jdk/xml/internal/XMLSecurityManager$Limit done
Event: 4.219 Loading class jdk/xml/internal/XMLSecurityManager$Processor
Event: 4.219 Loading class jdk/xml/internal/XMLSecurityManager$Processor done
Event: 4.219 Loading class jdk/xml/internal/XMLSecurityManager$NameMap
Event: 4.219 Loading class jdk/xml/internal/XMLSecurityManager$NameMap done
Event: 4.219 Loading class jdk/xml/internal/JdkProperty
Event: 4.219 Loading class jdk/xml/internal/JdkProperty done
Event: 4.553 Loading class java/time/ZonedDateTime$1
Event: 4.553 Loading class java/time/ZonedDateTime$1 done
Event: 4.666 Loading class java/beans/Transient
Event: 4.667 Loading class java/beans/Transient done
Event: 4.667 Loading class java/beans/ConstructorProperties
Event: 4.667 Loading class java/beans/ConstructorProperties done

Classes unloaded (0 events):
No events

Classes redefined (0 events):
No events

Internal exceptions (20 events):
Event: 3.200 Thread 0x000001c1763c98b0 Exception <a 'java/lang/NoSuchMethodError'{0x00000000c57dc330}: 'java.lang.Object java.lang.invoke.DirectMethodHandle$Holder.newInvokeSpecial(java.lang.Object, java.lang.Object, java.lang.Object, java.lang.Object, java.lang.Object, java.lang.Object, int)'> (0x00000000c57dc330) 
thrown [s\open\src\hotspot\share\interpreter\linkResolver.cpp, line 773]
Event: 3.200 Thread 0x000001c1763c98b0 Exception <a 'java/lang/NoSuchMethodError'{0x00000000c57e08e0}: 'java.lang.Object java.lang.invoke.DirectMethodHandle$Holder.invokeSpecial(java.lang.Object, java.lang.Object, java.lang.Object, java.lang.Object, java.lang.Object, java.lang.Object, java.lang.Object, int)'> (0x00000000c57e08e0) 
thrown [s\open\src\hotspot\share\interpreter\linkResolver.cpp, line 773]
Event: 3.315 Thread 0x000001c1763c98b0 Exception <a 'java/lang/NoSuchMethodError'{0x00000000c5529d28}: 'void java.lang.invoke.DirectMethodHandle$Holder.invokeSpecial(java.lang.Object, java.lang.Object, java.lang.Object, java.lang.Object, java.lang.Object)'> (0x00000000c5529d28) 
thrown [s\open\src\hotspot\share\interpreter\linkResolver.cpp, line 773]
Event: 3.405 Thread 0x000001c1763c98b0 Exception <a 'java/lang/NoSuchMethodError'{0x00000000c55fe3e8}: 'java.lang.Object java.lang.invoke.DirectMethodHandle$Holder.invokeSpecial(java.lang.Object, java.lang.Object, java.lang.Object, int, java.lang.Object)'> (0x00000000c55fe3e8) 
thrown [s\open\src\hotspot\share\interpreter\linkResolver.cpp, line 773]
Event: 3.434 Thread 0x000001c1763c98b0 Exception <a 'java/lang/NoSuchMethodError'{0x00000000c54061b8}: 'java.lang.Object java.lang.invoke.DirectMethodHandle$Holder.newInvokeSpecial(java.lang.Object, java.lang.Object, java.lang.Object, int, java.lang.Object)'> (0x00000000c54061b8) 
thrown [s\open\src\hotspot\share\interpreter\linkResolver.cpp, line 773]
Event: 3.436 Thread 0x000001c1763c98b0 Exception <a 'java/lang/NoSuchMethodError'{0x00000000c540d670}: 'java.lang.Object java.lang.invoke.Invokers$Holder.linkToTargetMethod(java.lang.Object, java.lang.Object, int, java.lang.Object, java.lang.Object)'> (0x00000000c540d670) 
thrown [s\open\src\hotspot\share\interpreter\linkResolver.cpp, line 773]
Event: 3.438 Thread 0x000001c1763c98b0 Exception <a 'java/lang/NoSuchMethodError'{0x00000000c541b3d8}: 'java.lang.Object java.lang.invoke.DirectMethodHandle$Holder.newInvokeSpecial(java.lang.Object, int, java.lang.Object)'> (0x00000000c541b3d8) 
thrown [s\open\src\hotspot\share\interpreter\linkResolver.cpp, line 773]
Event: 3.439 Thread 0x000001c1763c98b0 Exception <a 'java/lang/NoSuchMethodError'{0x00000000c541f088}: 'int java.lang.invoke.DirectMethodHandle$Holder.invokeSpecialIFC(java.lang.Object, java.lang.Object, java.lang.Object, java.lang.Object)'> (0x00000000c541f088) 
thrown [s\open\src\hotspot\share\interpreter\linkResolver.cpp, line 773]
Event: 3.694 Thread 0x000001c1763c98b0 Exception <a 'java/lang/NoSuchMethodError'{0x00000000c54fad28}: 'void java.lang.invoke.DirectMethodHandle$Holder.invokeInterface(java.lang.Object, java.lang.Object, java.lang.Object)'> (0x00000000c54fad28) 
thrown [s\open\src\hotspot\share\interpreter\linkResolver.cpp, line 773]
Event: 3.771 Thread 0x000001c1763c98b0 Exception <a 'java/lang/NoSuchMethodError'{0x00000000c539b238}: 'void java.lang.invoke.DirectMethodHandle$Holder.invokeStaticInit(java.lang.Object, java.lang.Object, java.lang.Object)'> (0x00000000c539b238) 
thrown [s\open\src\hotspot\share\interpreter\linkResolver.cpp, line 773]
Event: 3.792 Thread 0x000001c1763c98b0 Exception <a 'java/lang/NoSuchMethodError'{0x00000000c53e08d0}: 'java.lang.Object java.lang.invoke.DirectMethodHandle$Holder.invokeVirtual(java.lang.Object, java.lang.Object, java.lang.Object)'> (0x00000000c53e08d0) 
thrown [s\open\src\hotspot\share\interpreter\linkResolver.cpp, line 773]
Event: 3.801 Thread 0x000001c1763c98b0 Exception <a 'java/lang/NoSuchMethodError'{0x00000000c5200128}: 'java.lang.Object java.lang.invoke.DirectMethodHandle$Holder.invokeStatic(java.lang.Object, long, java.lang.Object)'> (0x00000000c5200128) 
thrown [s\open\src\hotspot\share\interpreter\linkResolver.cpp, line 773]
Event: 3.802 Thread 0x000001c1763c98b0 Exception <a 'java/lang/NoSuchMethodError'{0x00000000c52039e0}: 'java.lang.Object java.lang.invoke.DirectMethodHandle$Holder.invokeStaticInit(java.lang.Object, long, java.lang.Object)'> (0x00000000c52039e0) 
thrown [s\open\src\hotspot\share\interpreter\linkResolver.cpp, line 773]
Event: 3.804 Thread 0x000001c1763c98b0 Exception <a 'java/lang/NoSuchMethodError'{0x00000000c5209148}: 'java.lang.Object java.lang.invoke.DirectMethodHandle$Holder.newInvokeSpecial(java.lang.Object, long)'> (0x00000000c5209148) 
thrown [s\open\src\hotspot\share\interpreter\linkResolver.cpp, line 773]
Event: 3.839 Thread 0x000001c1763c98b0 Exception <a 'java/lang/NoSuchMethodError'{0x00000000c5262e58}: 'void java.lang.invoke.DirectMethodHandle$Holder.invokeVirtual(java.lang.Object, java.lang.Object, java.lang.Object, java.lang.Object)'> (0x00000000c5262e58) 
thrown [s\open\src\hotspot\share\interpreter\linkResolver.cpp, line 773]
Event: 3.987 Thread 0x000001c1763c98b0 Exception <a 'java/lang/IncompatibleClassChangeError'{0x00000000c51d8158}: Found class java.lang.Object, but interface was expected> (0x00000000c51d8158) 
thrown [s\open\src\hotspot\share\interpreter\linkResolver.cpp, line 840]
Event: 4.009 Thread 0x000001c1763c98b0 Exception <a 'java/lang/NoSuchMethodError'{0x00000000c51ecf30}: 'java.lang.Object java.lang.invoke.DirectMethodHandle$Holder.invokeStaticInit(java.lang.Object, int)'> (0x00000000c51ecf30) 
thrown [s\open\src\hotspot\share\interpreter\linkResolver.cpp, line 773]
Event: 4.017 Thread 0x000001c176eb5010 Exception <a 'java/lang/NoClassDefFoundError'{0x00000000c5016920}: jakarta/validation/Validation> (0x00000000c5016920) 
thrown [s\open\src\hotspot\share\classfile\systemDictionary.cpp, line 301]
Event: 4.026 Thread 0x000001c1763c98b0 Exception <a 'java/lang/NoSuchMethodError'{0x00000000c51f6ea0}: 'java.lang.Object java.lang.invoke.DirectMethodHandle$Holder.invokeStatic(java.lang.Object, int, java.lang.Object)'> (0x00000000c51f6ea0) 
thrown [s\open\src\hotspot\share\interpreter\linkResolver.cpp, line 773]
Event: 4.027 Thread 0x000001c1763c98b0 Exception <a 'java/lang/NoSuchMethodError'{0x00000000c51fa4f0}: 'java.lang.Object java.lang.invoke.DirectMethodHandle$Holder.invokeStaticInit(java.lang.Object, int, java.lang.Object)'> (0x00000000c51fa4f0) 
thrown [s\open\src\hotspot\share\interpreter\linkResolver.cpp, line 773]

ZGC Phase Switch (0 events):
No events

VM Operations (20 events):
Event: 1.468 Executing VM operation: HandshakeAllThreads (Deoptimize)
Event: 1.468 Executing VM operation: HandshakeAllThreads (Deoptimize) done
Event: 1.470 Executing VM operation: HandshakeAllThreads (Deoptimize)
Event: 1.470 Executing VM operation: HandshakeAllThreads (Deoptimize) done
Event: 1.470 Executing VM operation: HandshakeAllThreads (Deoptimize)
Event: 1.470 Executing VM operation: HandshakeAllThreads (Deoptimize) done
Event: 1.645 Executing VM operation: G1CollectForAllocation (G1 Evacuation Pause)
Event: 1.682 Executing VM operation: G1CollectForAllocation (G1 Evacuation Pause) done
Event: 2.689 Executing VM operation: Cleanup
Event: 2.689 Executing VM operation: Cleanup done
Event: 2.814 Executing VM operation: HandshakeAllThreads (Deoptimize)
Event: 2.814 Executing VM operation: HandshakeAllThreads (Deoptimize) done
Event: 3.337 Executing VM operation: HandshakeAllThreads (Deoptimize)
Event: 3.337 Executing VM operation: HandshakeAllThreads (Deoptimize) done
Event: 3.967 Executing VM operation: HandshakeAllThreads (Deoptimize)
Event: 3.967 Executing VM operation: HandshakeAllThreads (Deoptimize) done
Event: 3.967 Executing VM operation: Cleanup
Event: 3.967 Executing VM operation: Cleanup done
Event: 3.967 Executing VM operation: HandshakeAllThreads (Deoptimize)
Event: 3.967 Executing VM operation: HandshakeAllThreads (Deoptimize) done

Events (17 events):
Event: 0.069 Thread 0x000001c113de4fe0 Thread added: 0x000001c113de4fe0
Event: 0.142 Thread 0x000001c11601de20 Thread added: 0x000001c11601de20
Event: 0.142 Thread 0x000001c11601e7a0 Thread added: 0x000001c11601e7a0
Event: 0.143 Thread 0x000001c130726c60 Thread added: 0x000001c130726c60
Event: 0.143 Thread 0x000001c130727e60 Thread added: 0x000001c130727e60
Event: 0.143 Thread 0x000001c130728b40 Thread added: 0x000001c130728b40
Event: 0.143 Thread 0x000001c130729900 Thread added: 0x000001c130729900
Event: 0.143 Thread 0x000001c13072eba0 Thread added: 0x000001c13072eba0
Event: 0.143 Thread 0x000001c130739050 Thread added: 0x000001c130739050
Event: 0.255 Thread 0x000001c13071bcd0 Thread added: 0x000001c13071bcd0
Event: 0.304 Thread 0x000001c130a9b330 Thread added: 0x000001c130a9b330
Event: 1.301 Thread 0x000001c1766b85a0 Thread added: 0x000001c1766b85a0
Event: 1.339 Thread 0x000001c176365970 Thread added: 0x000001c176365970
Event: 1.396 Thread 0x000001c1766b4a50 Thread added: 0x000001c1766b4a50
Event: 2.338 Thread 0x000001c176319050 Thread added: 0x000001c176319050
Event: 2.408 Thread 0x000001c1763c98b0 Thread added: 0x000001c1763c98b0
Event: 3.981 Thread 0x000001c176eb5010 Thread added: 0x000001c176eb5010


Dynamic libraries:
0x00007ff773270000 - 0x00007ff77327e000 	C:\Users\priscilap002\Desktop\Eze\java\openjdk-21.0.2_windows-x64_bin\jdk-21.0.2\bin\java.exe
0x00007fffe4230000 - 0x00007fffe4428000 	C:\WINDOWS\SYSTEM32\ntdll.dll
0x00007fffe3f70000 - 0x00007fffe402f000 	C:\WINDOWS\System32\KERNEL32.DLL
0x00007fffe1cd0000 - 0x00007fffe1fa2000 	C:\WINDOWS\System32\KERNELBASE.dll
0x00007fffe1920000 - 0x00007fffe1a20000 	C:\WINDOWS\System32\ucrtbase.dll
0x00007fffcd350000 - 0x00007fffcd368000 	C:\Users\priscilap002\Desktop\Eze\java\openjdk-21.0.2_windows-x64_bin\jdk-21.0.2\bin\jli.dll
0x00007fffe4040000 - 0x00007fffe41e1000 	C:\WINDOWS\System32\USER32.dll
0x00007fffe1b10000 - 0x00007fffe1b32000 	C:\WINDOWS\System32\win32u.dll
0x00007fffe35a0000 - 0x00007fffe35cb000 	C:\WINDOWS\System32\GDI32.dll
0x00007fffe1fb0000 - 0x00007fffe20bf000 	C:\WINDOWS\System32\gdi32full.dll
0x00007fffe1a20000 - 0x00007fffe1abd000 	C:\WINDOWS\System32\msvcp_win.dll
0x00007fffcd2e0000 - 0x00007fffcd2fb000 	C:\Users\priscilap002\Desktop\Eze\java\openjdk-21.0.2_windows-x64_bin\jdk-21.0.2\bin\VCRUNTIME140.dll
0x00007fffe0950000 - 0x00007fffe0bea000 	C:\WINDOWS\WinSxS\amd64_microsoft.windows.common-controls_6595b64144ccf1df_6.0.19041.1110_none_60b5254171f9507e\COMCTL32.dll
0x00007fffe2f20000 - 0x00007fffe2fbe000 	C:\WINDOWS\System32\msvcrt.dll
0x00007fffe3cb0000 - 0x00007fffe3ce2000 	C:\WINDOWS\System32\IMM32.DLL
0x00007fffd58f0000 - 0x00007fffd58fc000 	C:\Users\priscilap002\Desktop\Eze\java\openjdk-21.0.2_windows-x64_bin\jdk-21.0.2\bin\vcruntime140_1.dll
0x00007fffca8e0000 - 0x00007fffca96e000 	C:\Users\priscilap002\Desktop\Eze\java\openjdk-21.0.2_windows-x64_bin\jdk-21.0.2\bin\msvcp140.dll
0x00007fff91070000 - 0x00007fff91d87000 	C:\Users\priscilap002\Desktop\Eze\java\openjdk-21.0.2_windows-x64_bin\jdk-21.0.2\bin\server\jvm.dll
0x00007fffe3b00000 - 0x00007fffe3bae000 	C:\WINDOWS\System32\ADVAPI32.dll
0x00007fffe2fc0000 - 0x00007fffe305c000 	C:\WINDOWS\System32\sechost.dll
0x00007fffe3790000 - 0x00007fffe38b5000 	C:\WINDOWS\System32\RPCRT4.dll
0x00007fffe3bb0000 - 0x00007fffe3c1b000 	C:\WINDOWS\System32\WS2_32.dll
0x00007fffe1380000 - 0x00007fffe13cb000 	C:\WINDOWS\SYSTEM32\POWRPROF.dll
0x00007fffb81d0000 - 0x00007fffb81f7000 	C:\WINDOWS\SYSTEM32\WINMM.dll
0x00007fffddc80000 - 0x00007fffddc8a000 	C:\WINDOWS\SYSTEM32\VERSION.dll
0x00007fffe0ca0000 - 0x00007fffe0cb2000 	C:\WINDOWS\SYSTEM32\UMPDC.dll
0x00007fffdfa40000 - 0x00007fffdfa52000 	C:\WINDOWS\SYSTEM32\kernel.appcore.dll
0x00007fffd4970000 - 0x00007fffd497a000 	C:\Users\priscilap002\Desktop\Eze\java\openjdk-21.0.2_windows-x64_bin\jdk-21.0.2\bin\jimage.dll
0x00007fffe1190000 - 0x00007fffe1374000 	C:\WINDOWS\SYSTEM32\DBGHELP.DLL
0x00007fffe10d0000 - 0x00007fffe1105000 	C:\WINDOWS\SYSTEM32\dbgcore.DLL
0x00007fffe21e0000 - 0x00007fffe2262000 	C:\WINDOWS\System32\bcryptPrimitives.dll
0x00007fffcd0b0000 - 0x00007fffcd0cf000 	C:\Users\priscilap002\Desktop\Eze\java\openjdk-21.0.2_windows-x64_bin\jdk-21.0.2\bin\java.dll
0x00007fffe2390000 - 0x00007fffe2ad4000 	C:\WINDOWS\System32\SHELL32.dll
0x00007fffdea10000 - 0x00007fffdf1a2000 	C:\WINDOWS\SYSTEM32\windows.storage.dll
0x00007fffe2ae0000 - 0x00007fffe2e35000 	C:\WINDOWS\System32\combase.dll
0x00007fffe0f40000 - 0x00007fffe0f70000 	C:\WINDOWS\SYSTEM32\Wldp.dll
0x00007fffe36c0000 - 0x00007fffe376d000 	C:\WINDOWS\System32\SHCORE.dll
0x00007fffe3530000 - 0x00007fffe3585000 	C:\WINDOWS\System32\shlwapi.dll
0x00007fffe1860000 - 0x00007fffe187f000 	C:\WINDOWS\SYSTEM32\profapi.dll
0x00007fffc36b0000 - 0x00007fffc3787000 	C:\Users\priscilap002\Desktop\Eze\java\openjdk-21.0.2_windows-x64_bin\jdk-21.0.2\bin\jsvml.dll
0x00007fffd4590000 - 0x00007fffd45a0000 	C:\Users\priscilap002\Desktop\Eze\java\openjdk-21.0.2_windows-x64_bin\jdk-21.0.2\bin\net.dll
0x00007fffe0260000 - 0x00007fffe036c000 	C:\WINDOWS\SYSTEM32\WINHTTP.dll
0x00007fffe0cc0000 - 0x00007fffe0d2a000 	C:\WINDOWS\system32\mswsock.dll
0x00007fffcd090000 - 0x00007fffcd0a6000 	C:\Users\priscilap002\Desktop\Eze\java\openjdk-21.0.2_windows-x64_bin\jdk-21.0.2\bin\nio.dll
0x00007fffcc950000 - 0x00007fffcc968000 	C:\Users\priscilap002\Desktop\Eze\java\openjdk-21.0.2_windows-x64_bin\jdk-21.0.2\bin\zip.dll
0x00007fffceb00000 - 0x00007fffceb0a000 	C:\Users\priscilap002\Desktop\Eze\java\openjdk-21.0.2_windows-x64_bin\jdk-21.0.2\bin\management.dll
0x00007fffcda40000 - 0x00007fffcda4b000 	C:\Users\priscilap002\Desktop\Eze\java\openjdk-21.0.2_windows-x64_bin\jdk-21.0.2\bin\management_ext.dll
0x00007fffe3590000 - 0x00007fffe3598000 	C:\WINDOWS\System32\PSAPI.DLL
0x00007fffb0260000 - 0x00007fffb0277000 	C:\WINDOWS\system32\napinsp.dll
0x00007fffaff90000 - 0x00007fffaffab000 	C:\WINDOWS\system32\pnrpnsp.dll
0x00007fffdb250000 - 0x00007fffdb265000 	C:\WINDOWS\system32\wshbth.dll
0x00007fffdbd10000 - 0x00007fffdbd2d000 	C:\WINDOWS\system32\NLAapi.dll
0x00007fffe06f0000 - 0x00007fffe072b000 	C:\WINDOWS\SYSTEM32\IPHLPAPI.DLL
0x00007fffe0730000 - 0x00007fffe07fa000 	C:\WINDOWS\SYSTEM32\DNSAPI.dll
0x00007fffe4030000 - 0x00007fffe4038000 	C:\WINDOWS\System32\NSI.dll
0x00007fffae4d0000 - 0x00007fffae4e2000 	C:\WINDOWS\System32\winrnr.dll
0x00007fffd7aa0000 - 0x00007fffd7aaa000 	C:\Windows\System32\rasadhlp.dll
0x00007fffbca50000 - 0x00007fffbcad0000 	C:\WINDOWS\System32\fwpuclnt.dll
0x00007fffe1b40000 - 0x00007fffe1b67000 	C:\WINDOWS\System32\bcrypt.dll
0x00007fffe1510000 - 0x00007fffe1528000 	C:\WINDOWS\SYSTEM32\CRYPTSP.dll
0x00007fffe0180000 - 0x00007fffe01b4000 	C:\WINDOWS\system32\rsaenh.dll
0x00007fffe1820000 - 0x00007fffe184e000 	C:\WINDOWS\SYSTEM32\USERENV.dll
0x00007fffe0eb0000 - 0x00007fffe0ebc000 	C:\WINDOWS\SYSTEM32\CRYPTBASE.dll
0x00007fffcd4e0000 - 0x00007fffcd4e9000 	C:\Users\priscilap002\Desktop\Eze\java\openjdk-21.0.2_windows-x64_bin\jdk-21.0.2\bin\extnet.dll

dbghelp: loaded successfully - version: 4.0.5 - missing functions: none
symbol engine: initialized successfully - sym options: 0x614 - pdb path: .;C:\Users\priscilap002\Desktop\Eze\java\openjdk-21.0.2_windows-x64_bin\jdk-21.0.2\bin;C:\WINDOWS\SYSTEM32;C:\WINDOWS\WinSxS\amd64_microsoft.windows.common-controls_6595b64144ccf1df_6.0.19041.1110_none_60b5254171f9507e;C:\Users\priscilap002\Desktop\Eze\java\openjdk-21.0.2_windows-x64_bin\jdk-21.0.2\bin\server

VM Arguments:
jvm_args: -Dcom.sun.management.jmxremote -Dcom.sun.management.jmxremote.port=59997 -Dcom.sun.management.jmxremote.authenticate=false -Dcom.sun.management.jmxremote.ssl=false -Dspring.jmx.enabled=true -Djava.rmi.server.hostname=localhost -Dspring.application.admin.enabled=true -Dspring.boot.project.name=trabajopractico -XX:+ShowCodeDetailsInExceptionMessages 
java_command: com.irso.trabajopractico.TrabajopracticoApplication
java_class_path (initial): C:\Users\priscilap002\Desktop\Trabajo Practico\trabajopractico\target\classes;C:\Users\priscilap002\.m2\repository\org\springframework\boot\spring-boot-starter-data-jpa\3.3.0\spring-boot-starter-data-jpa-3.3.0.jar;C:\Users\priscilap002\.m2\repository\org\springframework\boot\spring-boot-starter-aop\3.3.0\spring-boot-starter-aop-3.3.0.jar;C:\Users\priscilap002\.m2\repository\org\springframework\spring-aop\6.1.8\spring-aop-6.1.8.jar;C:\Users\priscilap002\.m2\repository\org\aspectj\aspectjweaver\1.9.22\aspectjweaver-1.9.22.jar;C:\Users\priscilap002\.m2\repository\org\springframework\boot\spring-boot-starter-jdbc\3.3.0\spring-boot-starter-jdbc-3.3.0.jar;C:\Users\priscilap002\.m2\repository\com\zaxxer\HikariCP\5.1.0\HikariCP-5.1.0.jar;C:\Users\priscilap002\.m2\repository\org\springframework\spring-jdbc\6.1.8\spring-jdbc-6.1.8.jar;C:\Users\priscilap002\.m2\repository\org\hibernate\orm\hibernate-core\6.5.2.Final\hibernate-core-6.5.2.Final.jar;C:\Users\priscilap002\.m2\repository\jakarta\persistence\jakarta.persistence-api\3.1.0\jakarta.persistence-api-3.1.0.jar;C:\Users\priscilap002\.m2\repository\jakarta\transaction\jakarta.transaction-api\2.0.1\jakarta.transaction-api-2.0.1.jar;C:\Users\priscilap002\.m2\repository\org\jboss\logging\jboss-logging\3.5.3.Final\jboss-logging-3.5.3.Final.jar;C:\Users\priscilap002\.m2\repository\org\hibernate\common\hibernate-commons-annotations\6.0.6.Final\hibernate-commons-annotations-6.0.6.Final.jar;C:\Users\priscilap002\.m2\repository\io\smallrye\jandex\3.1.2\jandex-3.1.2.jar;C:\Users\priscilap002\.m2\repository\com\fasterxml\classmate\1.7.0\classmate-1.7.0.jar;C:\Users\priscilap002\.m2\repository\net\bytebuddy\byte-buddy\1.14.16\byte-buddy-1.14.16.jar;C:\Users\priscilap002\.m2\repository\org\glassfish\jaxb\jaxb-runtime\4.0.5\jaxb-runtime-4.0.5.jar;C:\Users\priscilap002\.m2\repository\org\glassfish\jaxb\jaxb-core\4.0.5\jaxb-core-4.0.5.jar;C:\Users\priscilap002\.m2\repository\org\eclipse\angus\angus-activation\2.0.2\angus-activation-2.0.2.jar;C:\Users\priscilap002\.m2\repository\org\glassfish\jaxb\txw2\4.0.5\txw2-4.0.5.jar;C:\Users\priscilap002\.m2\repository\com\sun\istack\istack-commons-runtime\4.1.2\istack-commons-runtime-4.1.2.jar;C:\Users\priscilap002\.m2\repository\jakarta\inject\jakarta.inject-api\2.0.1\jakarta.inject-api-2.0.1.jar;C:\Users\priscilap002\.m2\repository\org\antlr\antlr4-runtime\4.13.0\antlr4-runtime-4.13.0.jar;C:\Users\priscilap002\.m2\repository\org\springframework\data\spring-data-jpa\3.3.0\spring-data-jpa-3.3.0.jar;C:\Users\priscilap002\.m2\repository\org\springframework\data\spring-data-commons\3.3.0\spring-data-commons-3.3.0.jar;C:\Users\priscilap002\.m2\repository\org\springframework\spring-orm\6.1.8\spring-orm-6.1.8.jar;C:\Users\priscilap002\.m2\repository\org\springframework\spring-context\6.1.8\spring-context-6.1.8.jar;C:\Users\priscilap002\.m2\repository\org\springframework\spring-tx\6.1.8\spring-tx-6.1.8.jar;C:\Users\priscilap002\.m2\repository\org\springframework\spring-beans\6.1.8\spring-beans-6.1.8.jar;C:\Users\priscilap002\.m2\repository\org\slf4j\slf4j-api\2.0.13\slf4j-api-2.0.13.jar;C:\Users\priscilap002\.m2\repository\org\springframework\spring-aspects\6.1.8\spring-aspects-6.1.8.jar;C:\Users\priscilap002\.m2\repository\org\springframework\boot\spring-boot-starter-thymeleaf\3.3.0\spring-boot-starter-thymeleaf-3.3.0.jar;C:\Users\priscilap002\.m2\repository\org\springframework\boot\spring-boot-starter\3.3.0\spring-boot-starter-3.3.0.jar;C:\Users\priscilap002\.m2\repository\org\springframework\boot\spring-boot-starter-logging\3.3.0\spring-boot-starter-logging-3.3.0.jar;C:\Users\priscilap002\.m2\repository\ch\qos\logback\logback-classic\1.5.6\logback-classic-1.5.6.jar;C:\Users\priscilap002\.m2\repository\ch\qos\logback\logback-core\1.5.6\logback-core-1.5.6.jar;C:\Users\priscilap002\.m2\repository\org\apache\logging\log4j\log4j-to-slf4j\2.23.1\log4j-to-slf4j-2.23.1.jar;C:\Users\priscilap002\.m2\repository\org\apache\logging\log4j\log4j-api\2.23.1\log4j-api-2.23.1.jar;C:\Users\priscilap002\.m2\repository\org\slf4j\jul-to-slf4j\2.0.13\jul-to-slf4j-2.0.13.jar;C:\Users\priscilap002\.m2\repository\org\yaml\snakeyaml\2.2\snakeyaml-2.2.jar;C:\Users\priscilap002\.m2\repository\org\thymeleaf\thymeleaf-spring6\3.1.2.RELEASE\thymeleaf-spring6-3.1.2.RELEASE.jar;C:\Users\priscilap002\.m2\repository\org\thymeleaf\thymeleaf\3.1.2.RELEASE\thymeleaf-3.1.2.RELEASE.jar;C:\Users\priscilap002\.m2\repository\org\attoparser\attoparser\2.0.7.RELEASE\attoparser-2.0.7.RELEASE.jar;C:\Users\priscilap002\.m2\repository\org\unbescape\unbescape\1.1.6.RELEASE\unbescape-1.1.6.RELEASE.jar;C:\Users\priscilap002\.m2\repository\org\springframework\boot\spring-boot-starter-web\3.3.0\spring-boot-starter-web-3.3.0.jar;C:\Users\priscilap002\.m2\repository\org\springframework\boot\spring-boot-starter-json\3.3.0\spring-boot-starter-json-3.3.0.jar;C:\Users\priscilap002\.m2\repository\com\fasterxml\jackson\core\jackson-databind\2.17.1\jackson-databind-2.17.1.jar;C:\Users\priscilap002\.m2\repository\com\fasterxml\jackson\core\jackson-annotations\2.17.1\jackson-annotations-2.17.1.jar;C:\Users\priscilap002\.m2\repository\com\fasterxml\jackson\core\jackson-core\2.17.1\jackson-core-2.17.1.jar;C:\Users\priscilap002\.m2\repository\com\fasterxml\jackson\datatype\jackson-datatype-jdk8\2.17.1\jackson-datatype-jdk8-2.17.1.jar;C:\Users\priscilap002\.m2\repository\com\fasterxml\jackson\datatype\jackson-datatype-jsr310\2.17.1\jackson-datatype-jsr310-2.17.1.jar;C:\Users\priscilap002\.m2\repository\com\fasterxml\jackson\module\jackson-module-parameter-names\2.17.1\jackson-module-parameter-names-2.17.1.jar;C:\Users\priscilap002\.m2\repository\org\springframework\spring-web\6.1.8\spring-web-6.1.8.jar;C:\Users\priscilap002\.m2\repository\io\micrometer\micrometer-observation\1.13.0\micrometer-observation-1.13.0.jar;C:\Users\priscilap002\.m2\repository\io\micrometer\micrometer-commons\1.13.0\micrometer-commons-1.13.0.jar;C:\Users\priscilap002\.m2\repository\org\springframework\spring-webmvc\6.1.8\spring-webmvc-6.1.8.jar;C:\Users\priscilap002\.m2\repository\org\springframework\spring-expression\6.1.8\spring-expression-6.1.8.jar;C:\Users\priscilap002\.m2\repository\org\springframework\boot\spring-boot-devtools\3.3.0\spring-boot-devtools-3.3.0.jar;C:\Users\priscilap002\.m2\repository\org\springframework\boot\spring-boot\3.3.0\spring-boot-3.3.0.jar;C:\Users\priscilap002\.m2\repository\org\springframework\boot\spring-boot-autoconfigure\3.3.0\spring-boot-autoconfigure-3.3.0.jar;C:\Users\priscilap002\.m2\repository\org\springframework\boot\spring-boot-starter-tomcat\3.3.0\spring-boot-starter-tomcat-3.3.0.jar;C:\Users\priscilap002\.m2\repository\jakarta\annotation\jakarta.annotation-api\2.1.1\jakarta.annotation-api-2.1.1.jar;C:\Users\priscilap002\.m2\repository\org\apache\tomcat\embed\tomcat-embed-core\10.1.24\tomcat-embed-core-10.1.24.jar;C:\Users\priscilap002\.m2\repository\org\apache\tomcat\embed\tomcat-embed-el\10.1.24\tomcat-embed-el-10.1.24.jar;C:\Users\priscilap002\.m2\repository\org\apache\tomcat\embed\tomcat-embed-websocket\10.1.24\tomcat-embed-websocket-10.1.24.jar;C:\Users\priscilap002\.m2\repository\jakarta\xml\bind\jakarta.xml.bind-api\4.0.2\jakarta.xml.bind-api-4.0.2.jar;C:\Users\priscilap002\.m2\repository\jakarta\activation\jakarta.activation-api\2.1.3\jakarta.activation-api-2.1.3.jar;C:\Users\priscilap002\.m2\repository\org\springframework\spring-core\6.1.8\spring-core-6.1.8.jar;C:\Users\priscilap002\.m2\repository\org\springframework\spring-jcl\6.1.8\spring-jcl-6.1.8.jar;C:\Users\priscilap002\.m2\repository\com\mysql\mysql-connector-j\8.4.0\mysql-connector-j-8.4.0.jar
Launcher Type: SUN_STANDARD

[Global flags]
     intx CICompilerCount                          = 2                                         {product} {ergonomic}
     uint ConcGCThreads                            = 1                                         {product} {ergonomic}
     uint G1ConcRefinementThreads                  = 2                                         {product} {ergonomic}
   size_t G1HeapRegionSize                         = 1048576                                   {product} {ergonomic}
    uintx GCDrainStackTargetSize                   = 64                                        {product} {ergonomic}
   size_t InitialHeapSize                          = 65011712                                  {product} {ergonomic}
     bool ManagementServer                         = true                                      {product} {command line}
   size_t MarkStackSize                            = 4194304                                   {product} {ergonomic}
   size_t MaxHeapSize                              = 1027604480                                {product} {ergonomic}
   size_t MaxNewSize                               = 616562688                                 {product} {ergonomic}
   size_t MinHeapDeltaBytes                        = 1048576                                   {product} {ergonomic}
   size_t MinHeapSize                              = 8388608                                   {product} {ergonomic}
    uintx NonNMethodCodeHeapSize                   = 5826188                                {pd product} {ergonomic}
    uintx NonProfiledCodeHeapSize                  = 122916026                              {pd product} {ergonomic}
    uintx ProfiledCodeHeapSize                     = 122916026                              {pd product} {ergonomic}
    uintx ReservedCodeCacheSize                    = 251658240                              {pd product} {ergonomic}
     bool SegmentedCodeCache                       = true                                      {product} {ergonomic}
     bool ShowCodeDetailsInExceptionMessages       = true                                   {manageable} {command line}
   size_t SoftMaxHeapSize                          = 1027604480                             {manageable} {ergonomic}
     bool UseCompressedOops                        = true                           {product lp64_product} {ergonomic}
     bool UseG1GC                                  = true                                      {product} {ergonomic}
     bool UseLargePagesIndividualAllocation        = false                                  {pd product} {ergonomic}

Logging:
Log output configuration:
 #0: stdout all=warning uptime,level,tags foldmultilines=false
 #1: stderr all=off uptime,level,tags foldmultilines=false

Environment Variables:
JAVA_HOME=C:\Users\priscilap002\Desktop\Eze\java\openjdk-21.0.2_windows-x64_bin\jdk-21.0.2
PATH=C:\WINDOWS\system32;C:\WINDOWS;C:\WINDOWS\System32\Wbem;C:\WINDOWS\System32\WindowsPowerShell\v1.0\;C:\WINDOWS\System32\OpenSSH\;C:\salt;C:\Users\priscilap002\AppData\Local\Microsoft\WindowsApps;C:\Users\priscilap002\AppData\Local\Programs\Microsoft VS Code\bin;C:\Users\priscilap002\Desktop\Eze\java\openjdk-21.0.2_windows-x64_bin\jdk-21.0.2\bin;C:\msys64\mingw64\bin;C:\Users\priscilap002\Desktop\Eze\Maven\apache-maven-3.9.6\bin;
USERNAME=priscilap002
LANG=es_ES.UTF-8
OS=Windows_NT
PROCESSOR_IDENTIFIER=Intel64 Family 6 Model 122 Stepping 1, GenuineIntel
TMP=C:\Users\PRISCI~1\AppData\Local\Temp
TEMP=C:\Users\PRISCI~1\AppData\Local\Temp




Periodic native trim disabled

---------------  S Y S T E M  ---------------

OS:
 Windows 10 , 64 bit Build 19041 (10.0.19041.2364)
OS uptime: 0 days 14:55 hours

CPU: total 2 (initial active 2) (2 cores per cpu, 1 threads per core) family 6 model 122 stepping 1 microcode 0x2e, cx8, cmov, fxsr, mmx, 3dnowpref, sse, sse2, sse3, ssse3, sse4.1, sse4.2, popcnt, tsc, tscinvbit, aes, erms, clmul, sha, clflush, clflushopt, rdtscp, rdpid
Processor Information for all 2 processors :
  Max Mhz: 1101, Current Mhz: 1101, Mhz Limit: 1101

Memory: 4k page, system-wide physical 3920M (298M free)
TotalPageFile size 15696M (AvailPageFile size 12M)
current process WorkingSet (physical memory assigned to process): 115M, peak: 115M
current process commit charge ("private bytes"): 163M, peak: 163M

vm_info: OpenJDK 64-Bit Server VM (21.0.2+13-58) for windows-amd64 JRE (21.0.2+13-58), built on 2024-01-05T18:32:24Z by "mach5one" with MS VC++ 17.1 (VS2022)

END.
